The target system is: Generic -  - 
The host system is: Linux - 4.15.0-45-generic - x86_64
Checking whether the ASM compiler is GNU using "--version" matched "(GNU assembler)|(GCC)|(Free Software Foundation)":
xtensa-esp32-elf-gcc (crosstool-NG crosstool-ng-1.22.0-73-ge28a011) 5.2.0
Copyright (C) 2015 Free Software Foundation, Inc.
This is free software; see the source for copying conditions.  There is NO
warranty; not even for MERCHANTABILITY or FITNESS FOR A PARTICULAR PURPOSE.

Compiling the C compiler identification source file "CMakeCCompilerId.c" succeeded.
Compiler: /home/lari/esp/xtensa-esp32-elf/bin/xtensa-esp32-elf-gcc 
Build flags: 
Id flags: -c 

The output was:
0


Compilation of the C compiler identification source "CMakeCCompilerId.c" produced "CMakeCCompilerId.o"

The C compiler identification is GNU, found in "/home/lari/esp/test_lari/build/CMakeFiles/3.10.2/CompilerIdC/CMakeCCompilerId.o"

Compiling the CXX compiler identification source file "CMakeCXXCompilerId.cpp" succeeded.
Compiler: /home/lari/esp/xtensa-esp32-elf/bin/xtensa-esp32-elf-g++ 
Build flags: 
Id flags: -c 

The output was:
0


Compilation of the CXX compiler identification source "CMakeCXXCompilerId.cpp" produced "CMakeCXXCompilerId.o"

The CXX compiler identification is GNU, found in "/home/lari/esp/test_lari/build/CMakeFiles/3.10.2/CompilerIdCXX/CMakeCXXCompilerId.o"

Determining if the C compiler works passed with the following output:
Change Dir: /home/lari/esp/test_lari/build/CMakeFiles/CMakeTmp

Run Build Command:"/usr/bin/make" "cmTC_9fd10/fast"
/usr/bin/make -f CMakeFiles/cmTC_9fd10.dir/build.make CMakeFiles/cmTC_9fd10.dir/build
make[1]: Entering directory '/home/lari/esp/test_lari/build/CMakeFiles/CMakeTmp'
Building C object CMakeFiles/cmTC_9fd10.dir/testCCompiler.c.obj
/home/lari/esp/xtensa-esp32-elf/bin/xtensa-esp32-elf-gcc    -o CMakeFiles/cmTC_9fd10.dir/testCCompiler.c.obj   -c /home/lari/esp/test_lari/build/CMakeFiles/CMakeTmp/testCCompiler.c
Linking C executable cmTC_9fd10
/usr/bin/cmake -E cmake_link_script CMakeFiles/cmTC_9fd10.dir/link.txt --verbose=1
/home/lari/esp/xtensa-esp32-elf/bin/xtensa-esp32-elf-gcc    -nostdlib  CMakeFiles/cmTC_9fd10.dir/testCCompiler.c.obj  -o cmTC_9fd10 
/home/lari/esp/xtensa-esp32-elf/bin/../lib/gcc/xtensa-esp32-elf/5.2.0/../../../../xtensa-esp32-elf/bin/ld: warning: cannot find entry symbol _start; defaulting to 0000000000400054
make[1]: Leaving directory '/home/lari/esp/test_lari/build/CMakeFiles/CMakeTmp'


Detecting C compiler ABI info compiled with the following output:
Change Dir: /home/lari/esp/test_lari/build/CMakeFiles/CMakeTmp

Run Build Command:"/usr/bin/make" "cmTC_5d48d/fast"
/usr/bin/make -f CMakeFiles/cmTC_5d48d.dir/build.make CMakeFiles/cmTC_5d48d.dir/build
make[1]: Entering directory '/home/lari/esp/test_lari/build/CMakeFiles/CMakeTmp'
Building C object CMakeFiles/cmTC_5d48d.dir/CMakeCCompilerABI.c.obj
/home/lari/esp/xtensa-esp32-elf/bin/xtensa-esp32-elf-gcc    -o CMakeFiles/cmTC_5d48d.dir/CMakeCCompilerABI.c.obj   -c /usr/share/cmake-3.10/Modules/CMakeCCompilerABI.c
Linking C executable cmTC_5d48d
/usr/bin/cmake -E cmake_link_script CMakeFiles/cmTC_5d48d.dir/link.txt --verbose=1
/home/lari/esp/xtensa-esp32-elf/bin/xtensa-esp32-elf-gcc    -nostdlib -v CMakeFiles/cmTC_5d48d.dir/CMakeCCompilerABI.c.obj  -o cmTC_5d48d 
Using built-in specs.
COLLECT_GCC=/home/lari/esp/xtensa-esp32-elf/bin/xtensa-esp32-elf-gcc
COLLECT_LTO_WRAPPER=/home/lari/esp/xtensa-esp32-elf/bin/../libexec/gcc/xtensa-esp32-elf/5.2.0/lto-wrapper
Target: xtensa-esp32-elf
Configured with: /builds/idf/crosstool-NG/.build/src/gcc-5.2.0/configure --build=x86_64-build_pc-linux-gnu --host=x86_64-build_pc-linux-gnu --target=xtensa-esp32-elf --prefix=/builds/idf/crosstool-NG/builds/xtensa-esp32-elf --with-local-prefix=/builds/idf/crosstool-NG/builds/xtensa-esp32-elf/xtensa-esp32-elf/sysroot --with-sysroot=/builds/idf/crosstool-NG/builds/xtensa-esp32-elf/xtensa-esp32-elf/sysroot --with-newlib --enable-threads=no --disable-shared --with-pkgversion='crosstool-NG crosstool-ng-1.22.0-73-ge28a011' --disable-__cxa_atexit --enable-cxx-flags='-fno-rtti -ffunction-sections' --with-gmp=/builds/idf/crosstool-NG/.build/xtensa-esp32-elf/buildtools --with-mpfr=/builds/idf/crosstool-NG/.build/xtensa-esp32-elf/buildtools --with-mpc=/builds/idf/crosstool-NG/.build/xtensa-esp32-elf/buildtools --with-isl=/builds/idf/crosstool-NG/.build/xtensa-esp32-elf/buildtools --with-cloog=/builds/idf/crosstool-NG/.build/xtensa-esp32-elf/buildtools --with-libelf=/builds/idf/crosstool-NG/.build/xtensa-esp32-elf/buildtools --enable-lto --enable-target-optspace --without-long-double-128 --disable-libgomp --disable-libmudflap --disable-libssp --disable-libquadmath --disable-libquadmath-support --disable-nls --disable-multilib --enable-languages=c,c++ --disable-libstdcxx-verbose --enable-threads=posix --enable-gcov-custom-rtio
Thread model: posix
gcc version 5.2.0 (crosstool-NG crosstool-ng-1.22.0-73-ge28a011) 
COMPILER_PATH=/home/lari/esp/xtensa-esp32-elf/bin/../libexec/gcc/xtensa-esp32-elf/5.2.0/:/home/lari/esp/xtensa-esp32-elf/bin/../libexec/gcc/:/home/lari/esp/xtensa-esp32-elf/bin/../lib/gcc/xtensa-esp32-elf/5.2.0/../../../../xtensa-esp32-elf/bin/
LIBRARY_PATH=/home/lari/esp/xtensa-esp32-elf/bin/../lib/gcc/xtensa-esp32-elf/5.2.0/:/home/lari/esp/xtensa-esp32-elf/bin/../lib/gcc/:/home/lari/esp/xtensa-esp32-elf/bin/../lib/gcc/xtensa-esp32-elf/5.2.0/../../../../xtensa-esp32-elf/lib/:/home/lari/esp/xtensa-esp32-elf/bin/../xtensa-esp32-elf/sysroot/lib/:/home/lari/esp/xtensa-esp32-elf/bin/../xtensa-esp32-elf/sysroot/usr/lib/
COLLECT_GCC_OPTIONS='-nostdlib' '-v' '-o' 'cmTC_5d48d'
 /home/lari/esp/xtensa-esp32-elf/bin/../libexec/gcc/xtensa-esp32-elf/5.2.0/collect2 -plugin /home/lari/esp/xtensa-esp32-elf/bin/../libexec/gcc/xtensa-esp32-elf/5.2.0/liblto_plugin.so -plugin-opt=/home/lari/esp/xtensa-esp32-elf/bin/../libexec/gcc/xtensa-esp32-elf/5.2.0/lto-wrapper -plugin-opt=-fresolution=/tmp/ccnZFRIW.res --sysroot=/home/lari/esp/xtensa-esp32-elf/bin/../xtensa-esp32-elf/sysroot -o cmTC_5d48d -L/home/lari/esp/xtensa-esp32-elf/bin/../lib/gcc/xtensa-esp32-elf/5.2.0 -L/home/lari/esp/xtensa-esp32-elf/bin/../lib/gcc -L/home/lari/esp/xtensa-esp32-elf/bin/../lib/gcc/xtensa-esp32-elf/5.2.0/../../../../xtensa-esp32-elf/lib -L/home/lari/esp/xtensa-esp32-elf/bin/../xtensa-esp32-elf/sysroot/lib -L/home/lari/esp/xtensa-esp32-elf/bin/../xtensa-esp32-elf/sysroot/usr/lib CMakeFiles/cmTC_5d48d.dir/CMakeCCompilerABI.c.obj
/home/lari/esp/xtensa-esp32-elf/bin/../lib/gcc/xtensa-esp32-elf/5.2.0/../../../../xtensa-esp32-elf/bin/ld: warning: cannot find entry symbol _start; defaulting to 0000000000400074
make[1]: Leaving directory '/home/lari/esp/test_lari/build/CMakeFiles/CMakeTmp'


Parsed C implicit link information from above output:
  link line regex: [^( *|.*[/\])(xtensa-esp32-elf-ld|CMAKE_LINK_STARTFILE-NOTFOUND|([^/\]+-)?ld|collect2)[^/\]*( |$)]
  ignore line: [Change Dir: /home/lari/esp/test_lari/build/CMakeFiles/CMakeTmp]
  ignore line: []
  ignore line: [Run Build Command:"/usr/bin/make" "cmTC_5d48d/fast"]
  ignore line: [/usr/bin/make -f CMakeFiles/cmTC_5d48d.dir/build.make CMakeFiles/cmTC_5d48d.dir/build]
  ignore line: [make[1]: Entering directory '/home/lari/esp/test_lari/build/CMakeFiles/CMakeTmp']
  ignore line: [Building C object CMakeFiles/cmTC_5d48d.dir/CMakeCCompilerABI.c.obj]
  ignore line: [/home/lari/esp/xtensa-esp32-elf/bin/xtensa-esp32-elf-gcc    -o CMakeFiles/cmTC_5d48d.dir/CMakeCCompilerABI.c.obj   -c /usr/share/cmake-3.10/Modules/CMakeCCompilerABI.c]
  ignore line: [Linking C executable cmTC_5d48d]
  ignore line: [/usr/bin/cmake -E cmake_link_script CMakeFiles/cmTC_5d48d.dir/link.txt --verbose=1]
  ignore line: [/home/lari/esp/xtensa-esp32-elf/bin/xtensa-esp32-elf-gcc    -nostdlib -v CMakeFiles/cmTC_5d48d.dir/CMakeCCompilerABI.c.obj  -o cmTC_5d48d ]
  ignore line: [Using built-in specs.]
  ignore line: [COLLECT_GCC=/home/lari/esp/xtensa-esp32-elf/bin/xtensa-esp32-elf-gcc]
  ignore line: [COLLECT_LTO_WRAPPER=/home/lari/esp/xtensa-esp32-elf/bin/../libexec/gcc/xtensa-esp32-elf/5.2.0/lto-wrapper]
  ignore line: [Target: xtensa-esp32-elf]
  ignore line: [Configured with: /builds/idf/crosstool-NG/.build/src/gcc-5.2.0/configure --build=x86_64-build_pc-linux-gnu --host=x86_64-build_pc-linux-gnu --target=xtensa-esp32-elf --prefix=/builds/idf/crosstool-NG/builds/xtensa-esp32-elf --with-local-prefix=/builds/idf/crosstool-NG/builds/xtensa-esp32-elf/xtensa-esp32-elf/sysroot --with-sysroot=/builds/idf/crosstool-NG/builds/xtensa-esp32-elf/xtensa-esp32-elf/sysroot --with-newlib --enable-threads=no --disable-shared --with-pkgversion='crosstool-NG crosstool-ng-1.22.0-73-ge28a011' --disable-__cxa_atexit --enable-cxx-flags='-fno-rtti -ffunction-sections' --with-gmp=/builds/idf/crosstool-NG/.build/xtensa-esp32-elf/buildtools --with-mpfr=/builds/idf/crosstool-NG/.build/xtensa-esp32-elf/buildtools --with-mpc=/builds/idf/crosstool-NG/.build/xtensa-esp32-elf/buildtools --with-isl=/builds/idf/crosstool-NG/.build/xtensa-esp32-elf/buildtools --with-cloog=/builds/idf/crosstool-NG/.build/xtensa-esp32-elf/buildtools --with-libelf=/builds/idf/crosstool-NG/.build/xtensa-esp32-elf/buildtools --enable-lto --enable-target-optspace --without-long-double-128 --disable-libgomp --disable-libmudflap --disable-libssp --disable-libquadmath --disable-libquadmath-support --disable-nls --disable-multilib --enable-languages=c,c++ --disable-libstdcxx-verbose --enable-threads=posix --enable-gcov-custom-rtio]
  ignore line: [Thread model: posix]
  ignore line: [gcc version 5.2.0 (crosstool-NG crosstool-ng-1.22.0-73-ge28a011) ]
  ignore line: [COMPILER_PATH=/home/lari/esp/xtensa-esp32-elf/bin/../libexec/gcc/xtensa-esp32-elf/5.2.0/:/home/lari/esp/xtensa-esp32-elf/bin/../libexec/gcc/:/home/lari/esp/xtensa-esp32-elf/bin/../lib/gcc/xtensa-esp32-elf/5.2.0/../../../../xtensa-esp32-elf/bin/]
  ignore line: [LIBRARY_PATH=/home/lari/esp/xtensa-esp32-elf/bin/../lib/gcc/xtensa-esp32-elf/5.2.0/:/home/lari/esp/xtensa-esp32-elf/bin/../lib/gcc/:/home/lari/esp/xtensa-esp32-elf/bin/../lib/gcc/xtensa-esp32-elf/5.2.0/../../../../xtensa-esp32-elf/lib/:/home/lari/esp/xtensa-esp32-elf/bin/../xtensa-esp32-elf/sysroot/lib/:/home/lari/esp/xtensa-esp32-elf/bin/../xtensa-esp32-elf/sysroot/usr/lib/]
  ignore line: [COLLECT_GCC_OPTIONS='-nostdlib' '-v' '-o' 'cmTC_5d48d']
  link line: [ /home/lari/esp/xtensa-esp32-elf/bin/../libexec/gcc/xtensa-esp32-elf/5.2.0/collect2 -plugin /home/lari/esp/xtensa-esp32-elf/bin/../libexec/gcc/xtensa-esp32-elf/5.2.0/liblto_plugin.so -plugin-opt=/home/lari/esp/xtensa-esp32-elf/bin/../libexec/gcc/xtensa-esp32-elf/5.2.0/lto-wrapper -plugin-opt=-fresolution=/tmp/ccnZFRIW.res --sysroot=/home/lari/esp/xtensa-esp32-elf/bin/../xtensa-esp32-elf/sysroot -o cmTC_5d48d -L/home/lari/esp/xtensa-esp32-elf/bin/../lib/gcc/xtensa-esp32-elf/5.2.0 -L/home/lari/esp/xtensa-esp32-elf/bin/../lib/gcc -L/home/lari/esp/xtensa-esp32-elf/bin/../lib/gcc/xtensa-esp32-elf/5.2.0/../../../../xtensa-esp32-elf/lib -L/home/lari/esp/xtensa-esp32-elf/bin/../xtensa-esp32-elf/sysroot/lib -L/home/lari/esp/xtensa-esp32-elf/bin/../xtensa-esp32-elf/sysroot/usr/lib CMakeFiles/cmTC_5d48d.dir/CMakeCCompilerABI.c.obj]
    arg [/home/lari/esp/xtensa-esp32-elf/bin/../libexec/gcc/xtensa-esp32-elf/5.2.0/collect2] ==> ignore
    arg [-plugin] ==> ignore
    arg [/home/lari/esp/xtensa-esp32-elf/bin/../libexec/gcc/xtensa-esp32-elf/5.2.0/liblto_plugin.so] ==> ignore
    arg [-plugin-opt=/home/lari/esp/xtensa-esp32-elf/bin/../libexec/gcc/xtensa-esp32-elf/5.2.0/lto-wrapper] ==> ignore
    arg [-plugin-opt=-fresolution=/tmp/ccnZFRIW.res] ==> ignore
    arg [--sysroot=/home/lari/esp/xtensa-esp32-elf/bin/../xtensa-esp32-elf/sysroot] ==> ignore
    arg [-o] ==> ignore
    arg [cmTC_5d48d] ==> ignore
    arg [-L/home/lari/esp/xtensa-esp32-elf/bin/../lib/gcc/xtensa-esp32-elf/5.2.0] ==> dir [/home/lari/esp/xtensa-esp32-elf/bin/../lib/gcc/xtensa-esp32-elf/5.2.0]
    arg [-L/home/lari/esp/xtensa-esp32-elf/bin/../lib/gcc] ==> dir [/home/lari/esp/xtensa-esp32-elf/bin/../lib/gcc]
    arg [-L/home/lari/esp/xtensa-esp32-elf/bin/../lib/gcc/xtensa-esp32-elf/5.2.0/../../../../xtensa-esp32-elf/lib] ==> dir [/home/lari/esp/xtensa-esp32-elf/bin/../lib/gcc/xtensa-esp32-elf/5.2.0/../../../../xtensa-esp32-elf/lib]
    arg [-L/home/lari/esp/xtensa-esp32-elf/bin/../xtensa-esp32-elf/sysroot/lib] ==> dir [/home/lari/esp/xtensa-esp32-elf/bin/../xtensa-esp32-elf/sysroot/lib]
    arg [-L/home/lari/esp/xtensa-esp32-elf/bin/../xtensa-esp32-elf/sysroot/usr/lib] ==> dir [/home/lari/esp/xtensa-esp32-elf/bin/../xtensa-esp32-elf/sysroot/usr/lib]
    arg [CMakeFiles/cmTC_5d48d.dir/CMakeCCompilerABI.c.obj] ==> ignore
  collapse library dir [/home/lari/esp/xtensa-esp32-elf/bin/../lib/gcc/xtensa-esp32-elf/5.2.0] ==> [/home/lari/esp/xtensa-esp32-elf/lib/gcc/xtensa-esp32-elf/5.2.0]
  collapse library dir [/home/lari/esp/xtensa-esp32-elf/bin/../lib/gcc] ==> [/home/lari/esp/xtensa-esp32-elf/lib/gcc]
  collapse library dir [/home/lari/esp/xtensa-esp32-elf/bin/../lib/gcc/xtensa-esp32-elf/5.2.0/../../../../xtensa-esp32-elf/lib] ==> [/home/lari/esp/xtensa-esp32-elf/xtensa-esp32-elf/lib]
  collapse library dir [/home/lari/esp/xtensa-esp32-elf/bin/../xtensa-esp32-elf/sysroot/lib] ==> [/home/lari/esp/xtensa-esp32-elf/xtensa-esp32-elf/sysroot/lib]
  collapse library dir [/home/lari/esp/xtensa-esp32-elf/bin/../xtensa-esp32-elf/sysroot/usr/lib] ==> [/home/lari/esp/xtensa-esp32-elf/xtensa-esp32-elf/sysroot/usr/lib]
  implicit libs: []
  implicit dirs: [/home/lari/esp/xtensa-esp32-elf/lib/gcc/xtensa-esp32-elf/5.2.0;/home/lari/esp/xtensa-esp32-elf/lib/gcc;/home/lari/esp/xtensa-esp32-elf/xtensa-esp32-elf/lib;/home/lari/esp/xtensa-esp32-elf/xtensa-esp32-elf/sysroot/lib;/home/lari/esp/xtensa-esp32-elf/xtensa-esp32-elf/sysroot/usr/lib]
  implicit fwks: []




Detecting C [-std=c11] compiler features compiled with the following output:
Change Dir: /home/lari/esp/test_lari/build/CMakeFiles/CMakeTmp

Run Build Command:"/usr/bin/make" "cmTC_ba9c0/fast"
/usr/bin/make -f CMakeFiles/cmTC_ba9c0.dir/build.make CMakeFiles/cmTC_ba9c0.dir/build
make[1]: Entering directory '/home/lari/esp/test_lari/build/CMakeFiles/CMakeTmp'
Building C object CMakeFiles/cmTC_ba9c0.dir/feature_tests.c.obj
/home/lari/esp/xtensa-esp32-elf/bin/xtensa-esp32-elf-gcc   -std=c11 -o CMakeFiles/cmTC_ba9c0.dir/feature_tests.c.obj   -c /home/lari/esp/test_lari/build/CMakeFiles/feature_tests.c
Linking C executable cmTC_ba9c0
/usr/bin/cmake -E cmake_link_script CMakeFiles/cmTC_ba9c0.dir/link.txt --verbose=1
/home/lari/esp/xtensa-esp32-elf/bin/xtensa-esp32-elf-gcc    -nostdlib  CMakeFiles/cmTC_ba9c0.dir/feature_tests.c.obj  -o cmTC_ba9c0 
/home/lari/esp/xtensa-esp32-elf/bin/../lib/gcc/xtensa-esp32-elf/5.2.0/../../../../xtensa-esp32-elf/bin/ld: warning: cannot find entry symbol _start; defaulting to 0000000000400074
make[1]: Leaving directory '/home/lari/esp/test_lari/build/CMakeFiles/CMakeTmp'


    Feature record: C_FEATURE:1c_function_prototypes
    Feature record: C_FEATURE:1c_restrict
    Feature record: C_FEATURE:1c_static_assert
    Feature record: C_FEATURE:1c_variadic_macros


Detecting C [-std=c99] compiler features compiled with the following output:
Change Dir: /home/lari/esp/test_lari/build/CMakeFiles/CMakeTmp

Run Build Command:"/usr/bin/make" "cmTC_df7f0/fast"
/usr/bin/make -f CMakeFiles/cmTC_df7f0.dir/build.make CMakeFiles/cmTC_df7f0.dir/build
make[1]: Entering directory '/home/lari/esp/test_lari/build/CMakeFiles/CMakeTmp'
Building C object CMakeFiles/cmTC_df7f0.dir/feature_tests.c.obj
/home/lari/esp/xtensa-esp32-elf/bin/xtensa-esp32-elf-gcc   -std=c99 -o CMakeFiles/cmTC_df7f0.dir/feature_tests.c.obj   -c /home/lari/esp/test_lari/build/CMakeFiles/feature_tests.c
Linking C executable cmTC_df7f0
/usr/bin/cmake -E cmake_link_script CMakeFiles/cmTC_df7f0.dir/link.txt --verbose=1
/home/lari/esp/xtensa-esp32-elf/bin/xtensa-esp32-elf-gcc    -nostdlib  CMakeFiles/cmTC_df7f0.dir/feature_tests.c.obj  -o cmTC_df7f0 
/home/lari/esp/xtensa-esp32-elf/bin/../lib/gcc/xtensa-esp32-elf/5.2.0/../../../../xtensa-esp32-elf/bin/ld: warning: cannot find entry symbol _start; defaulting to 0000000000400074
make[1]: Leaving directory '/home/lari/esp/test_lari/build/CMakeFiles/CMakeTmp'


    Feature record: C_FEATURE:1c_function_prototypes
    Feature record: C_FEATURE:1c_restrict
    Feature record: C_FEATURE:0c_static_assert
    Feature record: C_FEATURE:1c_variadic_macros


Detecting C [-std=c90] compiler features compiled with the following output:
Change Dir: /home/lari/esp/test_lari/build/CMakeFiles/CMakeTmp

Run Build Command:"/usr/bin/make" "cmTC_f25fa/fast"
/usr/bin/make -f CMakeFiles/cmTC_f25fa.dir/build.make CMakeFiles/cmTC_f25fa.dir/build
make[1]: Entering directory '/home/lari/esp/test_lari/build/CMakeFiles/CMakeTmp'
Building C object CMakeFiles/cmTC_f25fa.dir/feature_tests.c.obj
/home/lari/esp/xtensa-esp32-elf/bin/xtensa-esp32-elf-gcc   -std=c90 -o CMakeFiles/cmTC_f25fa.dir/feature_tests.c.obj   -c /home/lari/esp/test_lari/build/CMakeFiles/feature_tests.c
Linking C executable cmTC_f25fa
/usr/bin/cmake -E cmake_link_script CMakeFiles/cmTC_f25fa.dir/link.txt --verbose=1
/home/lari/esp/xtensa-esp32-elf/bin/xtensa-esp32-elf-gcc    -nostdlib  CMakeFiles/cmTC_f25fa.dir/feature_tests.c.obj  -o cmTC_f25fa 
/home/lari/esp/xtensa-esp32-elf/bin/../lib/gcc/xtensa-esp32-elf/5.2.0/../../../../xtensa-esp32-elf/bin/ld: warning: cannot find entry symbol _start; defaulting to 0000000000400074
make[1]: Leaving directory '/home/lari/esp/test_lari/build/CMakeFiles/CMakeTmp'


    Feature record: C_FEATURE:1c_function_prototypes
    Feature record: C_FEATURE:0c_restrict
    Feature record: C_FEATURE:0c_static_assert
    Feature record: C_FEATURE:0c_variadic_macros
Determining if the CXX compiler works passed with the following output:
Change Dir: /home/lari/esp/test_lari/build/CMakeFiles/CMakeTmp

Run Build Command:"/usr/bin/make" "cmTC_e14ea/fast"
/usr/bin/make -f CMakeFiles/cmTC_e14ea.dir/build.make CMakeFiles/cmTC_e14ea.dir/build
make[1]: Entering directory '/home/lari/esp/test_lari/build/CMakeFiles/CMakeTmp'
Building CXX object CMakeFiles/cmTC_e14ea.dir/testCXXCompiler.cxx.obj
/home/lari/esp/xtensa-esp32-elf/bin/xtensa-esp32-elf-g++     -o CMakeFiles/cmTC_e14ea.dir/testCXXCompiler.cxx.obj -c /home/lari/esp/test_lari/build/CMakeFiles/CMakeTmp/testCXXCompiler.cxx
Linking CXX executable cmTC_e14ea
/usr/bin/cmake -E cmake_link_script CMakeFiles/cmTC_e14ea.dir/link.txt --verbose=1
/home/lari/esp/xtensa-esp32-elf/bin/xtensa-esp32-elf-g++     -nostdlib  CMakeFiles/cmTC_e14ea.dir/testCXXCompiler.cxx.obj  -o cmTC_e14ea 
/home/lari/esp/xtensa-esp32-elf/bin/../lib/gcc/xtensa-esp32-elf/5.2.0/../../../../xtensa-esp32-elf/bin/ld: warning: cannot find entry symbol _start; defaulting to 0000000000400054
make[1]: Leaving directory '/home/lari/esp/test_lari/build/CMakeFiles/CMakeTmp'


Detecting CXX compiler ABI info compiled with the following output:
Change Dir: /home/lari/esp/test_lari/build/CMakeFiles/CMakeTmp

Run Build Command:"/usr/bin/make" "cmTC_05d67/fast"
/usr/bin/make -f CMakeFiles/cmTC_05d67.dir/build.make CMakeFiles/cmTC_05d67.dir/build
make[1]: Entering directory '/home/lari/esp/test_lari/build/CMakeFiles/CMakeTmp'
Building CXX object CMakeFiles/cmTC_05d67.dir/CMakeCXXCompilerABI.cpp.obj
/home/lari/esp/xtensa-esp32-elf/bin/xtensa-esp32-elf-g++     -o CMakeFiles/cmTC_05d67.dir/CMakeCXXCompilerABI.cpp.obj -c /usr/share/cmake-3.10/Modules/CMakeCXXCompilerABI.cpp
Linking CXX executable cmTC_05d67
/usr/bin/cmake -E cmake_link_script CMakeFiles/cmTC_05d67.dir/link.txt --verbose=1
/home/lari/esp/xtensa-esp32-elf/bin/xtensa-esp32-elf-g++     -nostdlib -v CMakeFiles/cmTC_05d67.dir/CMakeCXXCompilerABI.cpp.obj  -o cmTC_05d67 
Using built-in specs.
COLLECT_GCC=/home/lari/esp/xtensa-esp32-elf/bin/xtensa-esp32-elf-g++
COLLECT_LTO_WRAPPER=/home/lari/esp/xtensa-esp32-elf/bin/../libexec/gcc/xtensa-esp32-elf/5.2.0/lto-wrapper
Target: xtensa-esp32-elf
Configured with: /builds/idf/crosstool-NG/.build/src/gcc-5.2.0/configure --build=x86_64-build_pc-linux-gnu --host=x86_64-build_pc-linux-gnu --target=xtensa-esp32-elf --prefix=/builds/idf/crosstool-NG/builds/xtensa-esp32-elf --with-local-prefix=/builds/idf/crosstool-NG/builds/xtensa-esp32-elf/xtensa-esp32-elf/sysroot --with-sysroot=/builds/idf/crosstool-NG/builds/xtensa-esp32-elf/xtensa-esp32-elf/sysroot --with-newlib --enable-threads=no --disable-shared --with-pkgversion='crosstool-NG crosstool-ng-1.22.0-73-ge28a011' --disable-__cxa_atexit --enable-cxx-flags='-fno-rtti -ffunction-sections' --with-gmp=/builds/idf/crosstool-NG/.build/xtensa-esp32-elf/buildtools --with-mpfr=/builds/idf/crosstool-NG/.build/xtensa-esp32-elf/buildtools --with-mpc=/builds/idf/crosstool-NG/.build/xtensa-esp32-elf/buildtools --with-isl=/builds/idf/crosstool-NG/.build/xtensa-esp32-elf/buildtools --with-cloog=/builds/idf/crosstool-NG/.build/xtensa-esp32-elf/buildtools --with-libelf=/builds/idf/crosstool-NG/.build/xtensa-esp32-elf/buildtools --enable-lto --enable-target-optspace --without-long-double-128 --disable-libgomp --disable-libmudflap --disable-libssp --disable-libquadmath --disable-libquadmath-support --disable-nls --disable-multilib --enable-languages=c,c++ --disable-libstdcxx-verbose --enable-threads=posix --enable-gcov-custom-rtio
Thread model: posix
gcc version 5.2.0 (crosstool-NG crosstool-ng-1.22.0-73-ge28a011) 
COMPILER_PATH=/home/lari/esp/xtensa-esp32-elf/bin/../libexec/gcc/xtensa-esp32-elf/5.2.0/:/home/lari/esp/xtensa-esp32-elf/bin/../libexec/gcc/:/home/lari/esp/xtensa-esp32-elf/bin/../lib/gcc/xtensa-esp32-elf/5.2.0/../../../../xtensa-esp32-elf/bin/
LIBRARY_PATH=/home/lari/esp/xtensa-esp32-elf/bin/../lib/gcc/xtensa-esp32-elf/5.2.0/:/home/lari/esp/xtensa-esp32-elf/bin/../lib/gcc/:/home/lari/esp/xtensa-esp32-elf/bin/../lib/gcc/xtensa-esp32-elf/5.2.0/../../../../xtensa-esp32-elf/lib/:/home/lari/esp/xtensa-esp32-elf/bin/../xtensa-esp32-elf/sysroot/lib/:/home/lari/esp/xtensa-esp32-elf/bin/../xtensa-esp32-elf/sysroot/usr/lib/
COLLECT_GCC_OPTIONS='-nostdlib' '-v' '-o' 'cmTC_05d67'
 /home/lari/esp/xtensa-esp32-elf/bin/../libexec/gcc/xtensa-esp32-elf/5.2.0/collect2 -plugin /home/lari/esp/xtensa-esp32-elf/bin/../libexec/gcc/xtensa-esp32-elf/5.2.0/liblto_plugin.so -plugin-opt=/home/lari/esp/xtensa-esp32-elf/bin/../libexec/gcc/xtensa-esp32-elf/5.2.0/lto-wrapper -plugin-opt=-fresolution=/tmp/ccQgXXLB.res --sysroot=/home/lari/esp/xtensa-esp32-elf/bin/../xtensa-esp32-elf/sysroot -o cmTC_05d67 -L/home/lari/esp/xtensa-esp32-elf/bin/../lib/gcc/xtensa-esp32-elf/5.2.0 -L/home/lari/esp/xtensa-esp32-elf/bin/../lib/gcc -L/home/lari/esp/xtensa-esp32-elf/bin/../lib/gcc/xtensa-esp32-elf/5.2.0/../../../../xtensa-esp32-elf/lib -L/home/lari/esp/xtensa-esp32-elf/bin/../xtensa-esp32-elf/sysroot/lib -L/home/lari/esp/xtensa-esp32-elf/bin/../xtensa-esp32-elf/sysroot/usr/lib CMakeFiles/cmTC_05d67.dir/CMakeCXXCompilerABI.cpp.obj
/home/lari/esp/xtensa-esp32-elf/bin/../lib/gcc/xtensa-esp32-elf/5.2.0/../../../../xtensa-esp32-elf/bin/ld: warning: cannot find entry symbol _start; defaulting to 0000000000400074
make[1]: Leaving directory '/home/lari/esp/test_lari/build/CMakeFiles/CMakeTmp'


Parsed CXX implicit link information from above output:
  link line regex: [^( *|.*[/\])(xtensa-esp32-elf-ld|CMAKE_LINK_STARTFILE-NOTFOUND|([^/\]+-)?ld|collect2)[^/\]*( |$)]
  ignore line: [Change Dir: /home/lari/esp/test_lari/build/CMakeFiles/CMakeTmp]
  ignore line: []
  ignore line: [Run Build Command:"/usr/bin/make" "cmTC_05d67/fast"]
  ignore line: [/usr/bin/make -f CMakeFiles/cmTC_05d67.dir/build.make CMakeFiles/cmTC_05d67.dir/build]
  ignore line: [make[1]: Entering directory '/home/lari/esp/test_lari/build/CMakeFiles/CMakeTmp']
  ignore line: [Building CXX object CMakeFiles/cmTC_05d67.dir/CMakeCXXCompilerABI.cpp.obj]
  ignore line: [/home/lari/esp/xtensa-esp32-elf/bin/xtensa-esp32-elf-g++     -o CMakeFiles/cmTC_05d67.dir/CMakeCXXCompilerABI.cpp.obj -c /usr/share/cmake-3.10/Modules/CMakeCXXCompilerABI.cpp]
  ignore line: [Linking CXX executable cmTC_05d67]
  ignore line: [/usr/bin/cmake -E cmake_link_script CMakeFiles/cmTC_05d67.dir/link.txt --verbose=1]
  ignore line: [/home/lari/esp/xtensa-esp32-elf/bin/xtensa-esp32-elf-g++     -nostdlib -v CMakeFiles/cmTC_05d67.dir/CMakeCXXCompilerABI.cpp.obj  -o cmTC_05d67 ]
  ignore line: [Using built-in specs.]
  ignore line: [COLLECT_GCC=/home/lari/esp/xtensa-esp32-elf/bin/xtensa-esp32-elf-g++]
  ignore line: [COLLECT_LTO_WRAPPER=/home/lari/esp/xtensa-esp32-elf/bin/../libexec/gcc/xtensa-esp32-elf/5.2.0/lto-wrapper]
  ignore line: [Target: xtensa-esp32-elf]
  ignore line: [Configured with: /builds/idf/crosstool-NG/.build/src/gcc-5.2.0/configure --build=x86_64-build_pc-linux-gnu --host=x86_64-build_pc-linux-gnu --target=xtensa-esp32-elf --prefix=/builds/idf/crosstool-NG/builds/xtensa-esp32-elf --with-local-prefix=/builds/idf/crosstool-NG/builds/xtensa-esp32-elf/xtensa-esp32-elf/sysroot --with-sysroot=/builds/idf/crosstool-NG/builds/xtensa-esp32-elf/xtensa-esp32-elf/sysroot --with-newlib --enable-threads=no --disable-shared --with-pkgversion='crosstool-NG crosstool-ng-1.22.0-73-ge28a011' --disable-__cxa_atexit --enable-cxx-flags='-fno-rtti -ffunction-sections' --with-gmp=/builds/idf/crosstool-NG/.build/xtensa-esp32-elf/buildtools --with-mpfr=/builds/idf/crosstool-NG/.build/xtensa-esp32-elf/buildtools --with-mpc=/builds/idf/crosstool-NG/.build/xtensa-esp32-elf/buildtools --with-isl=/builds/idf/crosstool-NG/.build/xtensa-esp32-elf/buildtools --with-cloog=/builds/idf/crosstool-NG/.build/xtensa-esp32-elf/buildtools --with-libelf=/builds/idf/crosstool-NG/.build/xtensa-esp32-elf/buildtools --enable-lto --enable-target-optspace --without-long-double-128 --disable-libgomp --disable-libmudflap --disable-libssp --disable-libquadmath --disable-libquadmath-support --disable-nls --disable-multilib --enable-languages=c,c++ --disable-libstdcxx-verbose --enable-threads=posix --enable-gcov-custom-rtio]
  ignore line: [Thread model: posix]
  ignore line: [gcc version 5.2.0 (crosstool-NG crosstool-ng-1.22.0-73-ge28a011) ]
  ignore line: [COMPILER_PATH=/home/lari/esp/xtensa-esp32-elf/bin/../libexec/gcc/xtensa-esp32-elf/5.2.0/:/home/lari/esp/xtensa-esp32-elf/bin/../libexec/gcc/:/home/lari/esp/xtensa-esp32-elf/bin/../lib/gcc/xtensa-esp32-elf/5.2.0/../../../../xtensa-esp32-elf/bin/]
  ignore line: [LIBRARY_PATH=/home/lari/esp/xtensa-esp32-elf/bin/../lib/gcc/xtensa-esp32-elf/5.2.0/:/home/lari/esp/xtensa-esp32-elf/bin/../lib/gcc/:/home/lari/esp/xtensa-esp32-elf/bin/../lib/gcc/xtensa-esp32-elf/5.2.0/../../../../xtensa-esp32-elf/lib/:/home/lari/esp/xtensa-esp32-elf/bin/../xtensa-esp32-elf/sysroot/lib/:/home/lari/esp/xtensa-esp32-elf/bin/../xtensa-esp32-elf/sysroot/usr/lib/]
  ignore line: [COLLECT_GCC_OPTIONS='-nostdlib' '-v' '-o' 'cmTC_05d67']
  link line: [ /home/lari/esp/xtensa-esp32-elf/bin/../libexec/gcc/xtensa-esp32-elf/5.2.0/collect2 -plugin /home/lari/esp/xtensa-esp32-elf/bin/../libexec/gcc/xtensa-esp32-elf/5.2.0/liblto_plugin.so -plugin-opt=/home/lari/esp/xtensa-esp32-elf/bin/../libexec/gcc/xtensa-esp32-elf/5.2.0/lto-wrapper -plugin-opt=-fresolution=/tmp/ccQgXXLB.res --sysroot=/home/lari/esp/xtensa-esp32-elf/bin/../xtensa-esp32-elf/sysroot -o cmTC_05d67 -L/home/lari/esp/xtensa-esp32-elf/bin/../lib/gcc/xtensa-esp32-elf/5.2.0 -L/home/lari/esp/xtensa-esp32-elf/bin/../lib/gcc -L/home/lari/esp/xtensa-esp32-elf/bin/../lib/gcc/xtensa-esp32-elf/5.2.0/../../../../xtensa-esp32-elf/lib -L/home/lari/esp/xtensa-esp32-elf/bin/../xtensa-esp32-elf/sysroot/lib -L/home/lari/esp/xtensa-esp32-elf/bin/../xtensa-esp32-elf/sysroot/usr/lib CMakeFiles/cmTC_05d67.dir/CMakeCXXCompilerABI.cpp.obj]
    arg [/home/lari/esp/xtensa-esp32-elf/bin/../libexec/gcc/xtensa-esp32-elf/5.2.0/collect2] ==> ignore
    arg [-plugin] ==> ignore
    arg [/home/lari/esp/xtensa-esp32-elf/bin/../libexec/gcc/xtensa-esp32-elf/5.2.0/liblto_plugin.so] ==> ignore
    arg [-plugin-opt=/home/lari/esp/xtensa-esp32-elf/bin/../libexec/gcc/xtensa-esp32-elf/5.2.0/lto-wrapper] ==> ignore
    arg [-plugin-opt=-fresolution=/tmp/ccQgXXLB.res] ==> ignore
    arg [--sysroot=/home/lari/esp/xtensa-esp32-elf/bin/../xtensa-esp32-elf/sysroot] ==> ignore
    arg [-o] ==> ignore
    arg [cmTC_05d67] ==> ignore
    arg [-L/home/lari/esp/xtensa-esp32-elf/bin/../lib/gcc/xtensa-esp32-elf/5.2.0] ==> dir [/home/lari/esp/xtensa-esp32-elf/bin/../lib/gcc/xtensa-esp32-elf/5.2.0]
    arg [-L/home/lari/esp/xtensa-esp32-elf/bin/../lib/gcc] ==> dir [/home/lari/esp/xtensa-esp32-elf/bin/../lib/gcc]
    arg [-L/home/lari/esp/xtensa-esp32-elf/bin/../lib/gcc/xtensa-esp32-elf/5.2.0/../../../../xtensa-esp32-elf/lib] ==> dir [/home/lari/esp/xtensa-esp32-elf/bin/../lib/gcc/xtensa-esp32-elf/5.2.0/../../../../xtensa-esp32-elf/lib]
    arg [-L/home/lari/esp/xtensa-esp32-elf/bin/../xtensa-esp32-elf/sysroot/lib] ==> dir [/home/lari/esp/xtensa-esp32-elf/bin/../xtensa-esp32-elf/sysroot/lib]
    arg [-L/home/lari/esp/xtensa-esp32-elf/bin/../xtensa-esp32-elf/sysroot/usr/lib] ==> dir [/home/lari/esp/xtensa-esp32-elf/bin/../xtensa-esp32-elf/sysroot/usr/lib]
    arg [CMakeFiles/cmTC_05d67.dir/CMakeCXXCompilerABI.cpp.obj] ==> ignore
  collapse library dir [/home/lari/esp/xtensa-esp32-elf/bin/../lib/gcc/xtensa-esp32-elf/5.2.0] ==> [/home/lari/esp/xtensa-esp32-elf/lib/gcc/xtensa-esp32-elf/5.2.0]
  collapse library dir [/home/lari/esp/xtensa-esp32-elf/bin/../lib/gcc] ==> [/home/lari/esp/xtensa-esp32-elf/lib/gcc]
  collapse library dir [/home/lari/esp/xtensa-esp32-elf/bin/../lib/gcc/xtensa-esp32-elf/5.2.0/../../../../xtensa-esp32-elf/lib] ==> [/home/lari/esp/xtensa-esp32-elf/xtensa-esp32-elf/lib]
  collapse library dir [/home/lari/esp/xtensa-esp32-elf/bin/../xtensa-esp32-elf/sysroot/lib] ==> [/home/lari/esp/xtensa-esp32-elf/xtensa-esp32-elf/sysroot/lib]
  collapse library dir [/home/lari/esp/xtensa-esp32-elf/bin/../xtensa-esp32-elf/sysroot/usr/lib] ==> [/home/lari/esp/xtensa-esp32-elf/xtensa-esp32-elf/sysroot/usr/lib]
  implicit libs: []
  implicit dirs: [/home/lari/esp/xtensa-esp32-elf/lib/gcc/xtensa-esp32-elf/5.2.0;/home/lari/esp/xtensa-esp32-elf/lib/gcc;/home/lari/esp/xtensa-esp32-elf/xtensa-esp32-elf/lib;/home/lari/esp/xtensa-esp32-elf/xtensa-esp32-elf/sysroot/lib;/home/lari/esp/xtensa-esp32-elf/xtensa-esp32-elf/sysroot/usr/lib]
  implicit fwks: []




Detecting CXX [-std=c++1z] compiler features compiled with the following output:
Change Dir: /home/lari/esp/test_lari/build/CMakeFiles/CMakeTmp

Run Build Command:"/usr/bin/make" "cmTC_d4fcf/fast"
/usr/bin/make -f CMakeFiles/cmTC_d4fcf.dir/build.make CMakeFiles/cmTC_d4fcf.dir/build
make[1]: Entering directory '/home/lari/esp/test_lari/build/CMakeFiles/CMakeTmp'
Building CXX object CMakeFiles/cmTC_d4fcf.dir/feature_tests.cxx.obj
/home/lari/esp/xtensa-esp32-elf/bin/xtensa-esp32-elf-g++    -std=c++1z -o CMakeFiles/cmTC_d4fcf.dir/feature_tests.cxx.obj -c /home/lari/esp/test_lari/build/CMakeFiles/feature_tests.cxx
Linking CXX executable cmTC_d4fcf
/usr/bin/cmake -E cmake_link_script CMakeFiles/cmTC_d4fcf.dir/link.txt --verbose=1
/home/lari/esp/xtensa-esp32-elf/bin/xtensa-esp32-elf-g++     -nostdlib  CMakeFiles/cmTC_d4fcf.dir/feature_tests.cxx.obj  -o cmTC_d4fcf 
/home/lari/esp/xtensa-esp32-elf/bin/../lib/gcc/xtensa-esp32-elf/5.2.0/../../../../xtensa-esp32-elf/bin/ld: warning: cannot find entry symbol _start; defaulting to 0000000000400074
make[1]: Leaving directory '/home/lari/esp/test_lari/build/CMakeFiles/CMakeTmp'


    Feature record: CXX_FEATURE:1cxx_aggregate_default_initializers
    Feature record: CXX_FEATURE:1cxx_alias_templates
    Feature record: CXX_FEATURE:1cxx_alignas
    Feature record: CXX_FEATURE:1cxx_alignof
    Feature record: CXX_FEATURE:1cxx_attributes
    Feature record: CXX_FEATURE:1cxx_attribute_deprecated
    Feature record: CXX_FEATURE:1cxx_auto_type
    Feature record: CXX_FEATURE:1cxx_binary_literals
    Feature record: CXX_FEATURE:1cxx_constexpr
    Feature record: CXX_FEATURE:1cxx_contextual_conversions
    Feature record: CXX_FEATURE:1cxx_decltype
    Feature record: CXX_FEATURE:1cxx_decltype_auto
    Feature record: CXX_FEATURE:1cxx_decltype_incomplete_return_types
    Feature record: CXX_FEATURE:1cxx_default_function_template_args
    Feature record: CXX_FEATURE:1cxx_defaulted_functions
    Feature record: CXX_FEATURE:1cxx_defaulted_move_initializers
    Feature record: CXX_FEATURE:1cxx_delegating_constructors
    Feature record: CXX_FEATURE:1cxx_deleted_functions
    Feature record: CXX_FEATURE:1cxx_digit_separators
    Feature record: CXX_FEATURE:1cxx_enum_forward_declarations
    Feature record: CXX_FEATURE:1cxx_explicit_conversions
    Feature record: CXX_FEATURE:1cxx_extended_friend_declarations
    Feature record: CXX_FEATURE:1cxx_extern_templates
    Feature record: CXX_FEATURE:1cxx_final
    Feature record: CXX_FEATURE:1cxx_func_identifier
    Feature record: CXX_FEATURE:1cxx_generalized_initializers
    Feature record: CXX_FEATURE:1cxx_generic_lambdas
    Feature record: CXX_FEATURE:1cxx_inheriting_constructors
    Feature record: CXX_FEATURE:1cxx_inline_namespaces
    Feature record: CXX_FEATURE:1cxx_lambdas
    Feature record: CXX_FEATURE:1cxx_lambda_init_captures
    Feature record: CXX_FEATURE:1cxx_local_type_template_args
    Feature record: CXX_FEATURE:1cxx_long_long_type
    Feature record: CXX_FEATURE:1cxx_noexcept
    Feature record: CXX_FEATURE:1cxx_nonstatic_member_init
    Feature record: CXX_FEATURE:1cxx_nullptr
    Feature record: CXX_FEATURE:1cxx_override
    Feature record: CXX_FEATURE:1cxx_range_for
    Feature record: CXX_FEATURE:1cxx_raw_string_literals
    Feature record: CXX_FEATURE:1cxx_reference_qualified_functions
    Feature record: CXX_FEATURE:1cxx_relaxed_constexpr
    Feature record: CXX_FEATURE:1cxx_return_type_deduction
    Feature record: CXX_FEATURE:1cxx_right_angle_brackets
    Feature record: CXX_FEATURE:1cxx_rvalue_references
    Feature record: CXX_FEATURE:1cxx_sizeof_member
    Feature record: CXX_FEATURE:1cxx_static_assert
    Feature record: CXX_FEATURE:1cxx_strong_enums
    Feature record: CXX_FEATURE:1cxx_template_template_parameters
    Feature record: CXX_FEATURE:1cxx_thread_local
    Feature record: CXX_FEATURE:1cxx_trailing_return_types
    Feature record: CXX_FEATURE:1cxx_unicode_literals
    Feature record: CXX_FEATURE:1cxx_uniform_initialization
    Feature record: CXX_FEATURE:1cxx_unrestricted_unions
    Feature record: CXX_FEATURE:1cxx_user_literals
    Feature record: CXX_FEATURE:1cxx_variable_templates
    Feature record: CXX_FEATURE:1cxx_variadic_macros
    Feature record: CXX_FEATURE:1cxx_variadic_templates


Detecting CXX [-std=c++14] compiler features compiled with the following output:
Change Dir: /home/lari/esp/test_lari/build/CMakeFiles/CMakeTmp

Run Build Command:"/usr/bin/make" "cmTC_8ed01/fast"
/usr/bin/make -f CMakeFiles/cmTC_8ed01.dir/build.make CMakeFiles/cmTC_8ed01.dir/build
make[1]: Entering directory '/home/lari/esp/test_lari/build/CMakeFiles/CMakeTmp'
Building CXX object CMakeFiles/cmTC_8ed01.dir/feature_tests.cxx.obj
/home/lari/esp/xtensa-esp32-elf/bin/xtensa-esp32-elf-g++    -std=c++14 -o CMakeFiles/cmTC_8ed01.dir/feature_tests.cxx.obj -c /home/lari/esp/test_lari/build/CMakeFiles/feature_tests.cxx
Linking CXX executable cmTC_8ed01
/usr/bin/cmake -E cmake_link_script CMakeFiles/cmTC_8ed01.dir/link.txt --verbose=1
/home/lari/esp/xtensa-esp32-elf/bin/xtensa-esp32-elf-g++     -nostdlib  CMakeFiles/cmTC_8ed01.dir/feature_tests.cxx.obj  -o cmTC_8ed01 
/home/lari/esp/xtensa-esp32-elf/bin/../lib/gcc/xtensa-esp32-elf/5.2.0/../../../../xtensa-esp32-elf/bin/ld: warning: cannot find entry symbol _start; defaulting to 0000000000400074
make[1]: Leaving directory '/home/lari/esp/test_lari/build/CMakeFiles/CMakeTmp'


    Feature record: CXX_FEATURE:1cxx_aggregate_default_initializers
    Feature record: CXX_FEATURE:1cxx_alias_templates
    Feature record: CXX_FEATURE:1cxx_alignas
    Feature record: CXX_FEATURE:1cxx_alignof
    Feature record: CXX_FEATURE:1cxx_attributes
    Feature record: CXX_FEATURE:1cxx_attribute_deprecated
    Feature record: CXX_FEATURE:1cxx_auto_type
    Feature record: CXX_FEATURE:1cxx_binary_literals
    Feature record: CXX_FEATURE:1cxx_constexpr
    Feature record: CXX_FEATURE:1cxx_contextual_conversions
    Feature record: CXX_FEATURE:1cxx_decltype
    Feature record: CXX_FEATURE:1cxx_decltype_auto
    Feature record: CXX_FEATURE:1cxx_decltype_incomplete_return_types
    Feature record: CXX_FEATURE:1cxx_default_function_template_args
    Feature record: CXX_FEATURE:1cxx_defaulted_functions
    Feature record: CXX_FEATURE:1cxx_defaulted_move_initializers
    Feature record: CXX_FEATURE:1cxx_delegating_constructors
    Feature record: CXX_FEATURE:1cxx_deleted_functions
    Feature record: CXX_FEATURE:1cxx_digit_separators
    Feature record: CXX_FEATURE:1cxx_enum_forward_declarations
    Feature record: CXX_FEATURE:1cxx_explicit_conversions
    Feature record: CXX_FEATURE:1cxx_extended_friend_declarations
    Feature record: CXX_FEATURE:1cxx_extern_templates
    Feature record: CXX_FEATURE:1cxx_final
    Feature record: CXX_FEATURE:1cxx_func_identifier
    Feature record: CXX_FEATURE:1cxx_generalized_initializers
    Feature record: CXX_FEATURE:1cxx_generic_lambdas
    Feature record: CXX_FEATURE:1cxx_inheriting_constructors
    Feature record: CXX_FEATURE:1cxx_inline_namespaces
    Feature record: CXX_FEATURE:1cxx_lambdas
    Feature record: CXX_FEATURE:1cxx_lambda_init_captures
    Feature record: CXX_FEATURE:1cxx_local_type_template_args
    Feature record: CXX_FEATURE:1cxx_long_long_type
    Feature record: CXX_FEATURE:1cxx_noexcept
    Feature record: CXX_FEATURE:1cxx_nonstatic_member_init
    Feature record: CXX_FEATURE:1cxx_nullptr
    Feature record: CXX_FEATURE:1cxx_override
    Feature record: CXX_FEATURE:1cxx_range_for
    Feature record: CXX_FEATURE:1cxx_raw_string_literals
    Feature record: CXX_FEATURE:1cxx_reference_qualified_functions
    Feature record: CXX_FEATURE:1cxx_relaxed_constexpr
    Feature record: CXX_FEATURE:1cxx_return_type_deduction
    Feature record: CXX_FEATURE:1cxx_right_angle_brackets
    Feature record: CXX_FEATURE:1cxx_rvalue_references
    Feature record: CXX_FEATURE:1cxx_sizeof_member
    Feature record: CXX_FEATURE:1cxx_static_assert
    Feature record: CXX_FEATURE:1cxx_strong_enums
    Feature record: CXX_FEATURE:1cxx_template_template_parameters
    Feature record: CXX_FEATURE:1cxx_thread_local
    Feature record: CXX_FEATURE:1cxx_trailing_return_types
    Feature record: CXX_FEATURE:1cxx_unicode_literals
    Feature record: CXX_FEATURE:1cxx_uniform_initialization
    Feature record: CXX_FEATURE:1cxx_unrestricted_unions
    Feature record: CXX_FEATURE:1cxx_user_literals
    Feature record: CXX_FEATURE:1cxx_variable_templates
    Feature record: CXX_FEATURE:1cxx_variadic_macros
    Feature record: CXX_FEATURE:1cxx_variadic_templates


Detecting CXX [-std=c++11] compiler features compiled with the following output:
Change Dir: /home/lari/esp/test_lari/build/CMakeFiles/CMakeTmp

Run Build Command:"/usr/bin/make" "cmTC_fb977/fast"
/usr/bin/make -f CMakeFiles/cmTC_fb977.dir/build.make CMakeFiles/cmTC_fb977.dir/build
make[1]: Entering directory '/home/lari/esp/test_lari/build/CMakeFiles/CMakeTmp'
Building CXX object CMakeFiles/cmTC_fb977.dir/feature_tests.cxx.obj
/home/lari/esp/xtensa-esp32-elf/bin/xtensa-esp32-elf-g++    -std=c++11 -o CMakeFiles/cmTC_fb977.dir/feature_tests.cxx.obj -c /home/lari/esp/test_lari/build/CMakeFiles/feature_tests.cxx
Linking CXX executable cmTC_fb977
/usr/bin/cmake -E cmake_link_script CMakeFiles/cmTC_fb977.dir/link.txt --verbose=1
/home/lari/esp/xtensa-esp32-elf/bin/xtensa-esp32-elf-g++     -nostdlib  CMakeFiles/cmTC_fb977.dir/feature_tests.cxx.obj  -o cmTC_fb977 
/home/lari/esp/xtensa-esp32-elf/bin/../lib/gcc/xtensa-esp32-elf/5.2.0/../../../../xtensa-esp32-elf/bin/ld: warning: cannot find entry symbol _start; defaulting to 0000000000400074
make[1]: Leaving directory '/home/lari/esp/test_lari/build/CMakeFiles/CMakeTmp'


    Feature record: CXX_FEATURE:0cxx_aggregate_default_initializers
    Feature record: CXX_FEATURE:1cxx_alias_templates
    Feature record: CXX_FEATURE:1cxx_alignas
    Feature record: CXX_FEATURE:1cxx_alignof
    Feature record: CXX_FEATURE:1cxx_attributes
    Feature record: CXX_FEATURE:0cxx_attribute_deprecated
    Feature record: CXX_FEATURE:1cxx_auto_type
    Feature record: CXX_FEATURE:0cxx_binary_literals
    Feature record: CXX_FEATURE:1cxx_constexpr
    Feature record: CXX_FEATURE:0cxx_contextual_conversions
    Feature record: CXX_FEATURE:1cxx_decltype
    Feature record: CXX_FEATURE:0cxx_decltype_auto
    Feature record: CXX_FEATURE:1cxx_decltype_incomplete_return_types
    Feature record: CXX_FEATURE:1cxx_default_function_template_args
    Feature record: CXX_FEATURE:1cxx_defaulted_functions
    Feature record: CXX_FEATURE:1cxx_defaulted_move_initializers
    Feature record: CXX_FEATURE:1cxx_delegating_constructors
    Feature record: CXX_FEATURE:1cxx_deleted_functions
    Feature record: CXX_FEATURE:0cxx_digit_separators
    Feature record: CXX_FEATURE:1cxx_enum_forward_declarations
    Feature record: CXX_FEATURE:1cxx_explicit_conversions
    Feature record: CXX_FEATURE:1cxx_extended_friend_declarations
    Feature record: CXX_FEATURE:1cxx_extern_templates
    Feature record: CXX_FEATURE:1cxx_final
    Feature record: CXX_FEATURE:1cxx_func_identifier
    Feature record: CXX_FEATURE:1cxx_generalized_initializers
    Feature record: CXX_FEATURE:0cxx_generic_lambdas
    Feature record: CXX_FEATURE:1cxx_inheriting_constructors
    Feature record: CXX_FEATURE:1cxx_inline_namespaces
    Feature record: CXX_FEATURE:1cxx_lambdas
    Feature record: CXX_FEATURE:0cxx_lambda_init_captures
    Feature record: CXX_FEATURE:1cxx_local_type_template_args
    Feature record: CXX_FEATURE:1cxx_long_long_type
    Feature record: CXX_FEATURE:1cxx_noexcept
    Feature record: CXX_FEATURE:1cxx_nonstatic_member_init
    Feature record: CXX_FEATURE:1cxx_nullptr
    Feature record: CXX_FEATURE:1cxx_override
    Feature record: CXX_FEATURE:1cxx_range_for
    Feature record: CXX_FEATURE:1cxx_raw_string_literals
    Feature record: CXX_FEATURE:1cxx_reference_qualified_functions
    Feature record: CXX_FEATURE:0cxx_relaxed_constexpr
    Feature record: CXX_FEATURE:0cxx_return_type_deduction
    Feature record: CXX_FEATURE:1cxx_right_angle_brackets
    Feature record: CXX_FEATURE:1cxx_rvalue_references
    Feature record: CXX_FEATURE:1cxx_sizeof_member
    Feature record: CXX_FEATURE:1cxx_static_assert
    Feature record: CXX_FEATURE:1cxx_strong_enums
    Feature record: CXX_FEATURE:1cxx_template_template_parameters
    Feature record: CXX_FEATURE:1cxx_thread_local
    Feature record: CXX_FEATURE:1cxx_trailing_return_types
    Feature record: CXX_FEATURE:1cxx_unicode_literals
    Feature record: CXX_FEATURE:1cxx_uniform_initialization
    Feature record: CXX_FEATURE:1cxx_unrestricted_unions
    Feature record: CXX_FEATURE:1cxx_user_literals
    Feature record: CXX_FEATURE:0cxx_variable_templates
    Feature record: CXX_FEATURE:1cxx_variadic_macros
    Feature record: CXX_FEATURE:1cxx_variadic_templates


Detecting CXX [-std=c++98] compiler features compiled with the following output:
Change Dir: /home/lari/esp/test_lari/build/CMakeFiles/CMakeTmp

Run Build Command:"/usr/bin/make" "cmTC_4ee63/fast"
/usr/bin/make -f CMakeFiles/cmTC_4ee63.dir/build.make CMakeFiles/cmTC_4ee63.dir/build
make[1]: Entering directory '/home/lari/esp/test_lari/build/CMakeFiles/CMakeTmp'
Building CXX object CMakeFiles/cmTC_4ee63.dir/feature_tests.cxx.obj
/home/lari/esp/xtensa-esp32-elf/bin/xtensa-esp32-elf-g++    -std=c++98 -o CMakeFiles/cmTC_4ee63.dir/feature_tests.cxx.obj -c /home/lari/esp/test_lari/build/CMakeFiles/feature_tests.cxx
Linking CXX executable cmTC_4ee63
/usr/bin/cmake -E cmake_link_script CMakeFiles/cmTC_4ee63.dir/link.txt --verbose=1
/home/lari/esp/xtensa-esp32-elf/bin/xtensa-esp32-elf-g++     -nostdlib  CMakeFiles/cmTC_4ee63.dir/feature_tests.cxx.obj  -o cmTC_4ee63 
/home/lari/esp/xtensa-esp32-elf/bin/../lib/gcc/xtensa-esp32-elf/5.2.0/../../../../xtensa-esp32-elf/bin/ld: warning: cannot find entry symbol _start; defaulting to 0000000000400074
make[1]: Leaving directory '/home/lari/esp/test_lari/build/CMakeFiles/CMakeTmp'


    Feature record: CXX_FEATURE:0cxx_aggregate_default_initializers
    Feature record: CXX_FEATURE:0cxx_alias_templates
    Feature record: CXX_FEATURE:0cxx_alignas
    Feature record: CXX_FEATURE:0cxx_alignof
    Feature record: CXX_FEATURE:0cxx_attributes
    Feature record: CXX_FEATURE:0cxx_attribute_deprecated
    Feature record: CXX_FEATURE:0cxx_auto_type
    Feature record: CXX_FEATURE:0cxx_binary_literals
    Feature record: CXX_FEATURE:0cxx_constexpr
    Feature record: CXX_FEATURE:0cxx_contextual_conversions
    Feature record: CXX_FEATURE:0cxx_decltype
    Feature record: CXX_FEATURE:0cxx_decltype_auto
    Feature record: CXX_FEATURE:0cxx_decltype_incomplete_return_types
    Feature record: CXX_FEATURE:0cxx_default_function_template_args
    Feature record: CXX_FEATURE:0cxx_defaulted_functions
    Feature record: CXX_FEATURE:0cxx_defaulted_move_initializers
    Feature record: CXX_FEATURE:0cxx_delegating_constructors
    Feature record: CXX_FEATURE:0cxx_deleted_functions
    Feature record: CXX_FEATURE:0cxx_digit_separators
    Feature record: CXX_FEATURE:0cxx_enum_forward_declarations
    Feature record: CXX_FEATURE:0cxx_explicit_conversions
    Feature record: CXX_FEATURE:0cxx_extended_friend_declarations
    Feature record: CXX_FEATURE:0cxx_extern_templates
    Feature record: CXX_FEATURE:0cxx_final
    Feature record: CXX_FEATURE:0cxx_func_identifier
    Feature record: CXX_FEATURE:0cxx_generalized_initializers
    Feature record: CXX_FEATURE:0cxx_generic_lambdas
    Feature record: CXX_FEATURE:0cxx_inheriting_constructors
    Feature record: CXX_FEATURE:0cxx_inline_namespaces
    Feature record: CXX_FEATURE:0cxx_lambdas
    Feature record: CXX_FEATURE:0cxx_lambda_init_captures
    Feature record: CXX_FEATURE:0cxx_local_type_template_args
    Feature record: CXX_FEATURE:0cxx_long_long_type
    Feature record: CXX_FEATURE:0cxx_noexcept
    Feature record: CXX_FEATURE:0cxx_nonstatic_member_init
    Feature record: CXX_FEATURE:0cxx_nullptr
    Feature record: CXX_FEATURE:0cxx_override
    Feature record: CXX_FEATURE:0cxx_range_for
    Feature record: CXX_FEATURE:0cxx_raw_string_literals
    Feature record: CXX_FEATURE:0cxx_reference_qualified_functions
    Feature record: CXX_FEATURE:0cxx_relaxed_constexpr
    Feature record: CXX_FEATURE:0cxx_return_type_deduction
    Feature record: CXX_FEATURE:0cxx_right_angle_brackets
    Feature record: CXX_FEATURE:0cxx_rvalue_references
    Feature record: CXX_FEATURE:0cxx_sizeof_member
    Feature record: CXX_FEATURE:0cxx_static_assert
    Feature record: CXX_FEATURE:0cxx_strong_enums
    Feature record: CXX_FEATURE:1cxx_template_template_parameters
    Feature record: CXX_FEATURE:0cxx_thread_local
    Feature record: CXX_FEATURE:0cxx_trailing_return_types
    Feature record: CXX_FEATURE:0cxx_unicode_literals
    Feature record: CXX_FEATURE:0cxx_uniform_initialization
    Feature record: CXX_FEATURE:0cxx_unrestricted_unions
    Feature record: CXX_FEATURE:0cxx_user_literals
    Feature record: CXX_FEATURE:0cxx_variable_templates
    Feature record: CXX_FEATURE:0cxx_variadic_macros
    Feature record: CXX_FEATURE:0cxx_variadic_templates
